app/build/outputs/logs/manifest-merger-debug-report.txt
-- Merging decision tree log ---
manifest
ADDED from src/main/AndroidManifest.xml:2:1-194:12
	package
		ADDED from src/main/AndroidManifest.xml:3:5-38
		INJECTED from src/main/AndroidManifest.xml
		INJECTED from src/main/AndroidManifest.xml
	android:versionName
		ADDED from src/main/AndroidManifest.xml:5:5-30
		INJECTED from src/main/AndroidManifest.xml
		INJECTED from src/main/AndroidManifest.xml
	android:versionCode
		ADDED from src/main/AndroidManifest.xml:4:5-28
		INJECTED from src/main/AndroidManifest.xml
		INJECTED from src/main/AndroidManifest.xml
	xmlns:android
		ADDED from src/main/AndroidManifest.xml:2:11-69
uses-sdk
ADDED from src/main/AndroidManifest.xml:7:5-9:41
	android:targetSdkVersion
		ADDED from src/main/AndroidManifest.xml:9:9-38
		INJECTED from src/main/AndroidManifest.xml
		INJECTED from src/main/AndroidManifest.xml
	android:minSdkVersion
		ADDED from src/main/AndroidManifest.xml:8:9-35
		INJECTED from src/main/AndroidManifest.xml
		INJECTED from src/main/AndroidManifest.xml
uses-permission#android.permission.CALL_PHONE
ADDED from src/main/AndroidManifest.xml:11:5-69
	android:name
		ADDED from src/main/AndroidManifest.xml:11:22-66
uses-permission#android.permission.ACCESS_NETWORK_STATE
ADDED from src/main/AndroidManifest.xml:12:5-79
	android:name
		ADDED from src/main/AndroidManifest.xml:12:22-76
uses-permission#android.permission.INTERNET
ADDED from src/main/AndroidManifest.xml:13:5-67
	android:name
		ADDED from src/main/AndroidManifest.xml:13:22-64
uses-permission#android.permission.KILL_BACKGROUND_PROCESSES
ADDED from src/main/AndroidManifest.xml:14:5-84
	android:name
		ADDED from src/main/AndroidManifest.xml:14:22-81
uses-permission#android.permission.WAKE_LOCK
ADDED from src/main/AndroidManifest.xml:15:5-68
	android:name
		ADDED from src/main/AndroidManifest.xml:15:22-65
uses-permission#android.permission.ACCESS_WIFI_STATE
ADDED from src/main/AndroidManifest.xml:16:5-76
	android:name
		ADDED from src/main/AndroidManifest.xml:16:22-73
uses-permission#android.permission.VIBRATE
ADDED from src/main/AndroidManifest.xml:17:5-66
	android:name
		ADDED from src/main/AndroidManifest.xml:17:22-63
uses-permission#android.permission.GET_TASKS
ADDED from src/main/AndroidManifest.xml:18:5-68
	android:name
		ADDED from src/main/AndroidManifest.xml:18:22-65
uses-permission#android.permission.WRITE_EXTERNAL_STORAGE
ADDED from src/main/AndroidManifest.xml:19:5-81
	android:name
		ADDED from src/main/AndroidManifest.xml:19:22-78
uses-permission#android.permission.DISABLE_KEYGUARD
ADDED from src/main/AndroidManifest.xml:20:5-75
	android:name
		ADDED from src/main/AndroidManifest.xml:20:22-72
uses-permission#android.permission.ACCESS_COARSE_LOCATION
ADDED from src/main/AndroidManifest.xml:21:5-81
	android:name
		ADDED from src/main/AndroidManifest.xml:21:22-78
uses-permission#android.permission.ACCESS_MOCK_LOCATION
ADDED from src/main/AndroidManifest.xml:22:5-79
	android:name
		ADDED from src/main/AndroidManifest.xml:22:22-76
uses-permission#android.permission.ACCESS_FINE_LOCATION
ADDED from src/main/AndroidManifest.xml:23:5-79
	android:name
		ADDED from src/main/AndroidManifest.xml:23:22-76
uses-permission#android.permission.RECORD_AUDIO
ADDED from src/main/AndroidManifest.xml:24:5-71
	android:name
		ADDED from src/main/AndroidManifest.xml:24:22-68
application
ADDED from src/main/AndroidManifest.xml:26:5-192:19
	android:label
		ADDED from src/main/AndroidManifest.xml:29:9-41
	android:allowBackup
		ADDED from src/main/AndroidManifest.xml:27:9-35
	android:icon
		ADDED from src/main/AndroidManifest.xml:28:9-45
	android:theme
		ADDED from src/main/AndroidManifest.xml:30:9-40
receiver#com.example.freecalling.NetworkChangeReciver
ADDED from src/main/AndroidManifest.xml:31:9-37:20
	android:label
		ADDED from src/main/AndroidManifest.xml:33:13-50
	android:name
		ADDED from src/main/AndroidManifest.xml:32:13-72
intent-filter#android.net.wifi.supplicant.CONNECTION_CHANGE
ADDED from src/main/AndroidManifest.xml:34:13-36:29
action#android.net.wifi.supplicant.CONNECTION_CHANGE
ADDED from src/main/AndroidManifest.xml:35:17-88
	android:name
		ADDED from src/main/AndroidManifest.xml:35:25-85
receiver#com.example.freecalling.Serviceinitiater
ADDED from src/main/AndroidManifest.xml:38:9-44:20
	android:label
		ADDED from src/main/AndroidManifest.xml:40:13-50
	android:name
		ADDED from src/main/AndroidManifest.xml:39:13-68
intent-filter#android.intent.action.BOOT_COMPLETED
ADDED from src/main/AndroidManifest.xml:41:13-43:29
action#android.intent.action.BOOT_COMPLETED
ADDED from src/main/AndroidManifest.xml:42:17-79
	android:name
		ADDED from src/main/AndroidManifest.xml:42:25-76
activity#com.example.freecalling.splash.Splash
ADDED from src/main/AndroidManifest.xml:46:9-55:20
	android:theme
		ADDED from src/main/AndroidManifest.xml:48:5-58
	android:name
		ADDED from src/main/AndroidManifest.xml:47:13-65
intent-filter#android.intent.action.MAIN+android.intent.category.LAUNCHER
ADDED from src/main/AndroidManifest.xml:50:13-54:29
action#android.intent.action.MAIN
ADDED from src/main/AndroidManifest.xml:51:17-69
	android:name
		ADDED from src/main/AndroidManifest.xml:51:25-66
category#android.intent.category.LAUNCHER
ADDED from src/main/AndroidManifest.xml:53:17-77
	android:name
		ADDED from src/main/AndroidManifest.xml:53:27-74
activity#com.example.freecalling.MainActivity
ADDED from src/main/AndroidManifest.xml:57:9-60:20
	android:label
		ADDED from src/main/AndroidManifest.xml:59:13-45
	android:name
		ADDED from src/main/AndroidManifest.xml:58:13-64
service#com.example.freecalling.Server
ADDED from src/main/AndroidManifest.xml:62:9-65:19
	android:exported
		ADDED from src/main/AndroidManifest.xml:64:13-37
	android:name
		ADDED from src/main/AndroidManifest.xml:63:13-58
activity#com.example.freecalling.Mobileverification
ADDED from src/main/AndroidManifest.xml:67:9-70:20
	android:label
		ADDED from src/main/AndroidManifest.xml:69:13-70
	android:name
		ADDED from src/main/AndroidManifest.xml:68:13-70
activity#com.example.freecalling.Applicationmenu
ADDED from src/main/AndroidManifest.xml:71:9-74:20
	android:label
		ADDED from src/main/AndroidManifest.xml:73:13-67
	android:name
		ADDED from src/main/AndroidManifest.xml:72:13-67
activity#com.example.freecalling.GridViewActivity
ADDED from src/main/AndroidManifest.xml:75:9-78:20
	android:label
		ADDED from src/main/AndroidManifest.xml:77:13-61
	android:name
		ADDED from src/main/AndroidManifest.xml:76:13-68
activity#com.example.freecalling.activities.Registration
ADDED from src/main/AndroidManifest.xml:79:9-83:20
	android:label
		ADDED from src/main/AndroidManifest.xml:82:13-64
	android:theme
		ADDED from src/main/AndroidManifest.xml:81:13-66
	android:name
		ADDED from src/main/AndroidManifest.xml:80:13-75
activity#com.example.freecalling.Sendsms
ADDED from src/main/AndroidManifest.xml:84:9-87:20
	android:label
		ADDED from src/main/AndroidManifest.xml:86:13-59
	android:name
		ADDED from src/main/AndroidManifest.xml:85:13-59
activity#com.example.freecalling.Contactlist
ADDED from src/main/AndroidManifest.xml:88:9-91:20
	android:label
		ADDED from src/main/AndroidManifest.xml:90:13-63
	android:name
		ADDED from src/main/AndroidManifest.xml:89:13-63
activity#com.example.freecalling.Smslist
ADDED from src/main/AndroidManifest.xml:92:9-95:20
	android:label
		ADDED from src/main/AndroidManifest.xml:94:13-59
	android:name
		ADDED from src/main/AndroidManifest.xml:93:13-59
activity#com.example.freecalling.AddNewContact
ADDED from src/main/AndroidManifest.xml:96:9-99:20
	android:label
		ADDED from src/main/AndroidManifest.xml:98:13-67
	android:name
		ADDED from src/main/AndroidManifest.xml:97:13-65
activity#com.example.freecalling.Calllist
ADDED from src/main/AndroidManifest.xml:100:9-103:20
	android:label
		ADDED from src/main/AndroidManifest.xml:102:13-60
	android:name
		ADDED from src/main/AndroidManifest.xml:101:13-60
activity#com.example.freecalling.Loglist
ADDED from src/main/AndroidManifest.xml:104:9-107:20
	android:label
		ADDED from src/main/AndroidManifest.xml:106:13-59
	android:name
		ADDED from src/main/AndroidManifest.xml:105:13-59
activity#com.example.freecalling.Logdetail
ADDED from src/main/AndroidManifest.xml:108:9-111:20
	android:label
		ADDED from src/main/AndroidManifest.xml:110:13-61
	android:name
		ADDED from src/main/AndroidManifest.xml:109:13-61
activity#com.example.freecalling.Notificationreciver
ADDED from src/main/AndroidManifest.xml:112:9-115:20
	android:label
		ADDED from src/main/AndroidManifest.xml:114:13-71
	android:name
		ADDED from src/main/AndroidManifest.xml:113:13-71
activity#com.example.freecalling.Notificationactivity
ADDED from src/main/AndroidManifest.xml:116:9-119:20
	android:label
		ADDED from src/main/AndroidManifest.xml:118:13-72
	android:name
		ADDED from src/main/AndroidManifest.xml:117:13-72
activity#com.example.freecalling.Jsonhandler
ADDED from src/main/AndroidManifest.xml:120:9-123:20
	android:label
		ADDED from src/main/AndroidManifest.xml:122:13-63
	android:name
		ADDED from src/main/AndroidManifest.xml:121:13-63
activity#com.example.freecalling.Tabhostactivity
ADDED from src/main/AndroidManifest.xml:124:9-127:20
	android:label
		ADDED from src/main/AndroidManifest.xml:126:13-67
	android:name
		ADDED from src/main/AndroidManifest.xml:125:13-67
activity#com.example.freecalling.Server
ADDED from src/main/AndroidManifest.xml:128:9-131:20
	android:label
		ADDED from src/main/AndroidManifest.xml:130:13-58
	android:name
		ADDED from src/main/AndroidManifest.xml:129:13-58
activity#com.example.freecalling.Createnotificationactivity
ADDED from src/main/AndroidManifest.xml:132:9-135:20
	android:label
		ADDED from src/main/AndroidManifest.xml:134:13-78
	android:name
		ADDED from src/main/AndroidManifest.xml:133:13-78
activity#com.example.freecalling.Listener
ADDED from src/main/AndroidManifest.xml:136:9-139:20
	android:label
		ADDED from src/main/AndroidManifest.xml:138:13-60
	android:name
		ADDED from src/main/AndroidManifest.xml:137:13-60
activity#com.example.freecalling.Mystatus
ADDED from src/main/AndroidManifest.xml:140:9-143:20
	android:label
		ADDED from src/main/AndroidManifest.xml:142:13-60
	android:name
		ADDED from src/main/AndroidManifest.xml:141:13-60
activity#com.example.freecalling.Staticactivity
ADDED from src/main/AndroidManifest.xml:144:9-147:20
	android:label
		ADDED from src/main/AndroidManifest.xml:146:13-66
	android:name
		ADDED from src/main/AndroidManifest.xml:145:13-66
activity#com.example.freecalling.Blocklist
ADDED from src/main/AndroidManifest.xml:148:9-151:20
	android:label
		ADDED from src/main/AndroidManifest.xml:150:13-61
	android:name
		ADDED from src/main/AndroidManifest.xml:149:13-61
activity#com.example.freecalling.Locationfinder
ADDED from src/main/AndroidManifest.xml:152:9-155:20
	android:label
		ADDED from src/main/AndroidManifest.xml:154:13-66
	android:name
		ADDED from src/main/AndroidManifest.xml:153:13-66
activity#com.example.freecalling.Messagesender
ADDED from src/main/AndroidManifest.xml:156:9-159:20
	android:label
		ADDED from src/main/AndroidManifest.xml:158:13-65
	android:name
		ADDED from src/main/AndroidManifest.xml:157:13-65
activity#com.example.freecalling.Messageserver
ADDED from src/main/AndroidManifest.xml:160:9-163:20
	android:label
		ADDED from src/main/AndroidManifest.xml:162:13-65
	android:name
		ADDED from src/main/AndroidManifest.xml:161:13-65
activity#com.example.freecalling.Audiorecord
ADDED from src/main/AndroidManifest.xml:164:9-167:20
	android:label
		ADDED from src/main/AndroidManifest.xml:166:13-63
	android:name
		ADDED from src/main/AndroidManifest.xml:165:13-63
activity#com.example.freecalling.AudioRecord
ADDED from src/main/AndroidManifest.xml:168:9-171:20
	android:label
		ADDED from src/main/AndroidManifest.xml:170:13-64
	android:name
		ADDED from src/main/AndroidManifest.xml:169:13-63
activity#com.example.freecalling.Call
ADDED from src/main/AndroidManifest.xml:172:9-175:20
	android:label
		ADDED from src/main/AndroidManifest.xml:174:13-56
	android:name
		ADDED from src/main/AndroidManifest.xml:173:13-56
activity#com.example.freecalling.Someonecalling
ADDED from src/main/AndroidManifest.xml:176:9-179:20
	android:label
		ADDED from src/main/AndroidManifest.xml:178:13-66
	android:name
		ADDED from src/main/AndroidManifest.xml:177:13-66
activity#com.example.freecalling.Dialer
ADDED from src/main/AndroidManifest.xml:180:9-183:20
	android:label
		ADDED from src/main/AndroidManifest.xml:182:13-58
	android:name
		ADDED from src/main/AndroidManifest.xml:181:13-58
activity#com.example.freecalling.Viewactivity
ADDED from src/main/AndroidManifest.xml:184:9-187:20
	android:label
		ADDED from src/main/AndroidManifest.xml:186:13-64
	android:name
		ADDED from src/main/AndroidManifest.xml:185:13-64
activity#com.example.freecalling.Newtask
ADDED from src/main/AndroidManifest.xml:188:9-191:20
	android:label
		ADDED from src/main/AndroidManifest.xml:190:13-59
	android:name
		ADDED from src/main/AndroidManifest.xml:189:13-59